[(System) 2016-01-20 15:25:48] INFO: Launching Bot TestBot...
[(System) 2016-02-23 19:15:28] INFO: Launching Bot H1Z1ExBot...
[(System) 2016-02-23 19:16:51] DEBUG: Sending command "linkauth" to Bot at index 0
[(System) 2016-02-23 19:23:31] INFO: Launching Bot H1Z1ExBot...
[(System) 2016-02-23 19:23:42] DEBUG: Sending command "linkauth" to Bot at index 0
[(System) 2016-02-23 19:30:42] INFO: Launching Bot H1Z1ExBot...
[(System) 2016-02-23 19:30:50] DEBUG: Sending command "linkauth" to Bot at index 0
[(System) 2016-02-23 19:31:09] INFO: Launching Bot H1Z1ExBot...
[(System) 2016-02-23 19:31:17] DEBUG: Sending command "linkauth" to Bot at index 0
[(System) 2016-02-23 19:31:37] DEBUG: Sending input "43PB6" to Bot at index 0
[(System) 2016-02-23 19:32:02] INFO: Launching Bot H1Z1ExBot...
[(System) 2016-02-23 19:32:13] DEBUG: Sending command "linkatuh" to Bot at index 0
[(System) 2016-02-23 19:32:19] DEBUG: Sending command "linkauth" to Bot at index 0
[(System) 2016-02-23 19:32:48] DEBUG: Sending input "43PB6" to Bot at index 0
[(System) 2016-02-23 19:33:49] DEBUG: Sending input "59125" to Bot at index 0
[(System) 2016-02-23 19:34:26] INFO: Launching Bot H1Z1ExBot...
[(System) 2016-02-23 19:36:14] DEBUG: Sending command "getauth" to Bot at index 0
[(System) 2016-02-23 19:36:27] DEBUG: Sending command "linkauth" to Bot at index 0
[(System) 2016-02-23 19:39:33] INFO: Launching Bot H1Z1ExBot...
[(System) 2016-02-23 22:01:38] INFO: Launching Bot H1Z1ExBot...
[(System) 2016-02-24 08:08:03] INFO: Launching Bot H1Z1ExBot...
[(System) 2016-02-24 08:08:27] DEBUG: Shutting down all bot processes.
[(System) 2016-02-24 09:02:14] INFO: Launching Bot H1Z1ExBot...
[(System) 2016-02-24 09:02:28] DEBUG: Shutting down all bot processes.
[(System) 2016-03-10 17:18:59] INFO: Launching Bot H1Z1ExBot...
[(System) 2016-03-10 17:20:56] DEBUG: Shutting down all bot processes.
[(System) 2016-03-10 17:21:14] INFO: Launching Bot H1Z1ExBot...
[(System) 2016-03-10 17:26:46] DEBUG: Sending command "getauth" to Bot at index 0
[(System) 2016-03-10 17:31:42] DEBUG: Sending command "getauth" to Bot at index 0
[(System) 2016-03-10 17:42:25] DEBUG: Shutting down all bot processes.
[(System) 2016-03-10 17:58:58] INFO: Launching Bot H1Z1ExBot...
[(System) 2016-03-10 18:00:14] DEBUG: Shutting down all bot processes.
[(System) 2016-03-10 18:00:30] INFO: Launching Bot H1Z1ExBot...
[(System) 2016-03-10 18:02:23] DEBUG: Shutting down all bot processes.
[(System) 2016-03-10 18:02:32] INFO: Launching Bot H1Z1ExBot...
[(System) 2016-03-10 18:02:53] DEBUG: Shutting down all bot processes.
[(System) 2016-03-10 18:03:50] INFO: Launching Bot H1Z1ExBot...
[(System) 2016-03-10 18:05:24] DEBUG: Shutting down all bot processes.
[(System) 2016-03-10 18:05:29] INFO: Launching Bot H1Z1ExBot...
[(System) 2016-03-10 18:07:26] INFO: Launching Bot H1Z1ExBot...
[(System) 2016-03-10 18:07:37] DEBUG: Shutting down all bot processes.
[(System) 2016-03-10 18:07:52] INFO: Launching Bot H1Z1ExBot...
[(System) 2016-03-10 18:09:15] DEBUG: Shutting down all bot processes.
[(System) 2016-03-10 18:10:28] INFO: Launching Bot H1Z1ExBot...
[(System) 2016-03-10 18:18:04] DEBUG: Shutting down all bot processes.
[(System) 2016-03-10 18:18:09] INFO: Launching Bot H1Z1ExBot...
[(System) 2016-03-10 18:19:05] INFO: Launching Bot H1Z1ExBot...
[(System) 2016-03-10 18:27:19] DEBUG: Shutting down all bot processes.
[(System) 2016-03-10 18:27:25] INFO: Launching Bot H1Z1ExBot...
[(System) 2016-03-10 18:27:39] DEBUG: Shutting down all bot processes.
[(System) 2016-03-10 18:28:34] INFO: Launching Bot H1Z1ExBot...
[(System) 2016-03-10 18:28:47] DEBUG: Shutting down all bot processes.
[(System) 2016-03-10 18:35:27] INFO: Launching Bot H1Z1ExBot...
[(System) 2016-03-10 18:35:45] DEBUG: Shutting down all bot processes.
[(System) 2016-03-10 18:37:15] INFO: Launching Bot H1Z1ExBot...
[(System) 2016-03-10 18:37:23] DEBUG: Shutting down all bot processes.
[(System) 2016-03-10 18:37:53] INFO: Launching Bot H1Z1ExBot...
[(System) 2016-03-10 18:37:59] DEBUG: Sending command "getauth" to Bot at index 0
[(System) 2016-03-10 18:42:23] DEBUG: Shutting down all bot processes.
[(System) 2016-03-10 18:42:30] INFO: Launching Bot H1Z1ExBot...
[(System) 2016-03-10 18:46:00] INFO: Launching Bot H1Z1ExBot...
[(System) 2016-03-10 18:46:11] DEBUG: Shutting down all bot processes.
[(System) 2016-03-10 18:46:22] INFO: Launching Bot H1Z1ExBot...
[(System) 2016-03-10 18:46:37] DEBUG: Shutting down all bot processes.
[(System) 2016-03-10 18:47:40] INFO: Launching Bot H1Z1ExBot...
[(System) 2016-03-10 18:55:27] DEBUG: Shutting down all bot processes.
[(System) 2016-03-10 18:55:32] INFO: Launching Bot H1Z1ExBot...
[(System) 2016-03-10 19:18:53] DEBUG: Shutting down all bot processes.
[(System) 2016-03-12 17:37:48] INFO: Launching Bot H1Z1ExBot...
[(System) 2016-03-12 17:39:21] INFO: Launching Bot H1Z1ExBot...
[(System) 2016-03-12 17:41:00] INFO: Launching Bot H1Z1ExBot...
[(System) 2016-03-12 17:43:01] DEBUG: Shutting down all bot processes.
[(System) 2016-03-12 17:43:14] INFO: Launching Bot H1Z1ExBot...
[(System) 2016-03-12 17:43:30] DEBUG: Shutting down all bot processes.
[(System) 2016-03-12 17:44:33] INFO: Launching Bot H1Z1ExBot...
[(System) 2016-03-12 17:46:00] INFO: Launching Bot H1Z1ExBot...
[(System) 2016-03-12 17:46:44] INFO: Launching Bot H1Z1ExBot...
[(System) 2016-03-12 17:47:11] INFO: Launching Bot H1Z1ExBot...
[(System) 2016-03-13 19:31:28] INFO: Launching Bot H1Z1ExBot...
[(System) 2016-03-13 19:35:07] INFO: Launching Bot H1Z1ExBot...
[(System) 2016-03-13 21:37:50] INFO: Launching Bot H1Z1ExBot...
[(System) 2016-03-13 21:44:05] INFO: Launching Bot H1Z1ExBot...
[(System) 2016-03-14 18:22:26] INFO: Launching Bot H1Z1ExBot...
[(System) 2016-03-14 18:57:45] INFO: Launching Bot H1Z1ExBot...
[(System) 2016-03-14 18:57:59] DEBUG: Shutting down all bot processes.
[(System) 2016-03-14 18:58:50] INFO: Launching Bot H1Z1ExBot...
[(System) 2016-03-14 19:15:40] DEBUG: Shutting down all bot processes.
<<<<<<< HEAD
=======
[(System) 2016-03-17 22:43:17] INFO: Launching Bot H1Z1ExBot...
[(System) 2016-03-17 22:44:07] DEBUG: Shutting down all bot processes.
>>>>>>> 328cd8930055e07f27e20f1294f84be0f4afc9cc
<<<<<<< HEAD
[(System) 2016-04-28 18:53:56] INFO: Launching Bot H1Z1ExBot...
=======
[(System) 2016-04-28 18:22:40] INFO: Launching Bot H1Z1ExBot...
[(System) 2016-04-28 18:55:14] DEBUG: Shutting down all bot processes.
[(System) 2016-04-28 18:56:43] INFO: Launching Bot H1Z1ExBot...
[(System) 2016-04-28 18:57:29] DEBUG: Shutting down all bot processes.
>>>>>>> ab5eff4070dfede1ea03e31dbc6d355b7728736a
